{"/Users/edod/projects/fruit-inventory-backend/src/app.js": {"path":"/Users/edod/projects/fruit-inventory-backend/src/app.js","statementMap":{"0":{"start":{"line":7,"column":12},"end":{"line":7,"column":21}},"1":{"start":{"line":9,"column":0},"end":{"line":9,"column":16}},"2":{"start":{"line":10,"column":0},"end":{"line":10,"column":24}},"3":{"start":{"line":12,"column":0},"end":{"line":17,"column":3}},"4":{"start":{"line":13,"column":2},"end":{"line":16,"column":5}},"5":{"start":{"line":19,"column":0},"end":{"line":19,"column":33}},"6":{"start":{"line":20,"column":0},"end":{"line":20,"column":36}},"7":{"start":{"line":21,"column":0},"end":{"line":21,"column":43}}},"fnMap":{"0":{"name":"(anonymous_0)","decl":{"start":{"line":12,"column":13},"end":{"line":12,"column":14}},"loc":{"start":{"line":12,"column":27},"end":{"line":17,"column":1}},"line":12}},"branchMap":{},"s":{"0":1,"1":1,"2":1,"3":1,"4":0,"5":1,"6":1,"7":1},"f":{"0":0},"b":{},"_coverageSchema":"1a1c01bbd47fc00a2c39e90264f33305004495a9","hash":"66c6dc20a588618fa693802f508515d1db8f5f89"}
,"/Users/edod/projects/fruit-inventory-backend/src/middleware/authMiddleware.js": {"path":"/Users/edod/projects/fruit-inventory-backend/src/middleware/authMiddleware.js","statementMap":{"0":{"start":{"line":5,"column":33},"end":{"line":38,"column":1}},"1":{"start":{"line":6,"column":21},"end":{"line":6,"column":49}},"2":{"start":{"line":7,"column":16},"end":{"line":7,"column":54}},"3":{"start":{"line":9,"column":2},"end":{"line":11,"column":3}},"4":{"start":{"line":10,"column":4},"end":{"line":10,"column":68}},"5":{"start":{"line":13,"column":2},"end":{"line":15,"column":3}},"6":{"start":{"line":14,"column":4},"end":{"line":14,"column":75}},"7":{"start":{"line":17,"column":2},"end":{"line":37,"column":5}},"8":{"start":{"line":18,"column":4},"end":{"line":20,"column":5}},"9":{"start":{"line":19,"column":6},"end":{"line":19,"column":73}},"10":{"start":{"line":22,"column":4},"end":{"line":22,"column":20}},"11":{"start":{"line":24,"column":4},"end":{"line":34,"column":5}},"12":{"start":{"line":25,"column":21},"end":{"line":27,"column":8}},"13":{"start":{"line":29,"column":6},"end":{"line":31,"column":7}},"14":{"start":{"line":30,"column":8},"end":{"line":30,"column":36}},"15":{"start":{"line":33,"column":6},"end":{"line":33,"column":53}},"16":{"start":{"line":36,"column":4},"end":{"line":36,"column":11}},"17":{"start":{"line":40,"column":30},"end":{"line":46,"column":1}},"18":{"start":{"line":41,"column":2},"end":{"line":45,"column":3}},"19":{"start":{"line":42,"column":4},"end":{"line":42,"column":11}},"20":{"start":{"line":44,"column":4},"end":{"line":44,"column":61}}},"fnMap":{"0":{"name":"(anonymous_0)","decl":{"start":{"line":5,"column":33},"end":{"line":5,"column":34}},"loc":{"start":{"line":5,"column":53},"end":{"line":38,"column":1}},"line":5},"1":{"name":"(anonymous_1)","decl":{"start":{"line":17,"column":44},"end":{"line":17,"column":45}},"loc":{"start":{"line":17,"column":65},"end":{"line":37,"column":3}},"line":17},"2":{"name":"(anonymous_2)","decl":{"start":{"line":40,"column":30},"end":{"line":40,"column":31}},"loc":{"start":{"line":40,"column":50},"end":{"line":46,"column":1}},"line":40}},"branchMap":{"0":{"loc":{"start":{"line":7,"column":16},"end":{"line":7,"column":54}},"type":"binary-expr","locations":[{"start":{"line":7,"column":16},"end":{"line":7,"column":26}},{"start":{"line":7,"column":30},"end":{"line":7,"column":54}}],"line":7},"1":{"loc":{"start":{"line":9,"column":2},"end":{"line":11,"column":3}},"type":"if","locations":[{"start":{"line":9,"column":2},"end":{"line":11,"column":3}},{"start":{},"end":{}}],"line":9},"2":{"loc":{"start":{"line":13,"column":2},"end":{"line":15,"column":3}},"type":"if","locations":[{"start":{"line":13,"column":2},"end":{"line":15,"column":3}},{"start":{},"end":{}}],"line":13},"3":{"loc":{"start":{"line":18,"column":4},"end":{"line":20,"column":5}},"type":"if","locations":[{"start":{"line":18,"column":4},"end":{"line":20,"column":5}},{"start":{},"end":{}}],"line":18},"4":{"loc":{"start":{"line":29,"column":6},"end":{"line":31,"column":7}},"type":"if","locations":[{"start":{"line":29,"column":6},"end":{"line":31,"column":7}},{"start":{},"end":{}}],"line":29},"5":{"loc":{"start":{"line":41,"column":2},"end":{"line":45,"column":3}},"type":"if","locations":[{"start":{"line":41,"column":2},"end":{"line":45,"column":3}},{"start":{"line":43,"column":9},"end":{"line":45,"column":3}}],"line":41},"6":{"loc":{"start":{"line":41,"column":6},"end":{"line":41,"column":43}},"type":"binary-expr","locations":[{"start":{"line":41,"column":6},"end":{"line":41,"column":14}},{"start":{"line":41,"column":18},"end":{"line":41,"column":43}}],"line":41}},"s":{"0":2,"1":1,"2":1,"3":1,"4":1,"5":0,"6":0,"7":0,"8":0,"9":0,"10":0,"11":0,"12":0,"13":0,"14":0,"15":0,"16":0,"17":2,"18":2,"19":1,"20":1},"f":{"0":1,"1":0,"2":2},"b":{"0":[1,0],"1":[1,0],"2":[0,0],"3":[0,0],"4":[0,0],"5":[1,1],"6":[2,2]},"_coverageSchema":"1a1c01bbd47fc00a2c39e90264f33305004495a9","hash":"ebbdd7b334e484b674110da928643c2a261ff1c5"}
,"/Users/edod/projects/fruit-inventory-backend/src/routes/authRoutes.js": {"path":"/Users/edod/projects/fruit-inventory-backend/src/routes/authRoutes.js","statementMap":{"0":{"start":{"line":7,"column":15},"end":{"line":7,"column":31}},"1":{"start":{"line":10,"column":0},"end":{"line":58,"column":3}},"2":{"start":{"line":11,"column":2},"end":{"line":57,"column":3}},"3":{"start":{"line":12,"column":38},"end":{"line":12,"column":46}},"4":{"start":{"line":14,"column":4},"end":{"line":16,"column":5}},"5":{"start":{"line":15,"column":6},"end":{"line":15,"column":80}},"6":{"start":{"line":18,"column":4},"end":{"line":22,"column":5}},"7":{"start":{"line":19,"column":6},"end":{"line":21,"column":9}},"8":{"start":{"line":24,"column":25},"end":{"line":26,"column":6}},"9":{"start":{"line":28,"column":4},"end":{"line":32,"column":5}},"10":{"start":{"line":29,"column":6},"end":{"line":31,"column":9}},"11":{"start":{"line":34,"column":27},"end":{"line":34,"column":58}},"12":{"start":{"line":36,"column":20},"end":{"line":43,"column":6}},"13":{"start":{"line":45,"column":4},"end":{"line":53,"column":7}},"14":{"start":{"line":55,"column":4},"end":{"line":55,"column":48}},"15":{"start":{"line":56,"column":4},"end":{"line":56,"column":63}},"16":{"start":{"line":61,"column":0},"end":{"line":109,"column":3}},"17":{"start":{"line":62,"column":2},"end":{"line":108,"column":3}},"18":{"start":{"line":63,"column":32},"end":{"line":63,"column":40}},"19":{"start":{"line":65,"column":4},"end":{"line":67,"column":5}},"20":{"start":{"line":66,"column":6},"end":{"line":66,"column":54}},"21":{"start":{"line":69,"column":4},"end":{"line":73,"column":5}},"22":{"start":{"line":70,"column":6},"end":{"line":72,"column":9}},"23":{"start":{"line":75,"column":17},"end":{"line":77,"column":6}},"24":{"start":{"line":79,"column":4},"end":{"line":83,"column":5}},"25":{"start":{"line":80,"column":6},"end":{"line":82,"column":9}},"26":{"start":{"line":85,"column":18},"end":{"line":93,"column":5}},"27":{"start":{"line":95,"column":4},"end":{"line":104,"column":7}},"28":{"start":{"line":106,"column":4},"end":{"line":106,"column":41}},"29":{"start":{"line":107,"column":4},"end":{"line":107,"column":56}}},"fnMap":{"0":{"name":"(anonymous_0)","decl":{"start":{"line":10,"column":25},"end":{"line":10,"column":26}},"loc":{"start":{"line":10,"column":45},"end":{"line":58,"column":1}},"line":10},"1":{"name":"(anonymous_1)","decl":{"start":{"line":61,"column":22},"end":{"line":61,"column":23}},"loc":{"start":{"line":61,"column":42},"end":{"line":109,"column":1}},"line":61}},"branchMap":{"0":{"loc":{"start":{"line":14,"column":4},"end":{"line":16,"column":5}},"type":"if","locations":[{"start":{"line":14,"column":4},"end":{"line":16,"column":5}},{"start":{},"end":{}}],"line":14},"1":{"loc":{"start":{"line":14,"column":8},"end":{"line":14,"column":27}},"type":"binary-expr","locations":[{"start":{"line":14,"column":8},"end":{"line":14,"column":14}},{"start":{"line":14,"column":18},"end":{"line":14,"column":27}}],"line":14},"2":{"loc":{"start":{"line":18,"column":4},"end":{"line":22,"column":5}},"type":"if","locations":[{"start":{"line":18,"column":4},"end":{"line":22,"column":5}},{"start":{},"end":{}}],"line":18},"3":{"loc":{"start":{"line":28,"column":4},"end":{"line":32,"column":5}},"type":"if","locations":[{"start":{"line":28,"column":4},"end":{"line":32,"column":5}},{"start":{},"end":{}}],"line":28},"4":{"loc":{"start":{"line":38,"column":14},"end":{"line":38,"column":36}},"type":"binary-expr","locations":[{"start":{"line":38,"column":14},"end":{"line":38,"column":18}},{"start":{"line":38,"column":22},"end":{"line":38,"column":36}}],"line":38},"5":{"loc":{"start":{"line":65,"column":4},"end":{"line":67,"column":5}},"type":"if","locations":[{"start":{"line":65,"column":4},"end":{"line":67,"column":5}},{"start":{},"end":{}}],"line":65},"6":{"loc":{"start":{"line":69,"column":4},"end":{"line":73,"column":5}},"type":"if","locations":[{"start":{"line":69,"column":4},"end":{"line":73,"column":5}},{"start":{},"end":{}}],"line":69},"7":{"loc":{"start":{"line":69,"column":8},"end":{"line":69,"column":27}},"type":"binary-expr","locations":[{"start":{"line":69,"column":8},"end":{"line":69,"column":14}},{"start":{"line":69,"column":18},"end":{"line":69,"column":27}}],"line":69},"8":{"loc":{"start":{"line":79,"column":4},"end":{"line":83,"column":5}},"type":"if","locations":[{"start":{"line":79,"column":4},"end":{"line":83,"column":5}},{"start":{},"end":{}}],"line":79},"9":{"loc":{"start":{"line":79,"column":8},"end":{"line":79,"column":65}},"type":"binary-expr","locations":[{"start":{"line":79,"column":8},"end":{"line":79,"column":13}},{"start":{"line":79,"column":17},"end":{"line":79,"column":65}}],"line":79}},"s":{"0":1,"1":1,"2":2,"3":2,"4":2,"5":1,"6":1,"7":1,"8":0,"9":0,"10":0,"11":0,"12":0,"13":0,"14":0,"15":0,"16":1,"17":1,"18":1,"19":1,"20":0,"21":1,"22":1,"23":0,"24":0,"25":0,"26":0,"27":0,"28":0,"29":0},"f":{"0":2,"1":1},"b":{"0":[1,1],"1":[2,1],"2":[1,0],"3":[0,0],"4":[0,0],"5":[0,1],"6":[1,0],"7":[1,0],"8":[0,0],"9":[0,0]},"_coverageSchema":"1a1c01bbd47fc00a2c39e90264f33305004495a9","hash":"4b6d7db2a9742f2304d042ffe29786daccadfc2e"}
,"/Users/edod/projects/fruit-inventory-backend/src/routes/categoryRoutes.js": {"path":"/Users/edod/projects/fruit-inventory-backend/src/routes/categoryRoutes.js","statementMap":{"0":{"start":{"line":4,"column":15},"end":{"line":4,"column":31}},"1":{"start":{"line":6,"column":0},"end":{"line":17,"column":3}},"2":{"start":{"line":7,"column":2},"end":{"line":16,"column":3}},"3":{"start":{"line":8,"column":23},"end":{"line":10,"column":6}},"4":{"start":{"line":12,"column":4},"end":{"line":12,"column":25}},"5":{"start":{"line":14,"column":4},"end":{"line":14,"column":55}},"6":{"start":{"line":15,"column":4},"end":{"line":15,"column":66}},"7":{"start":{"line":19,"column":0},"end":{"line":32,"column":3}},"8":{"start":{"line":20,"column":2},"end":{"line":31,"column":3}},"9":{"start":{"line":21,"column":21},"end":{"line":21,"column":29}},"10":{"start":{"line":23,"column":24},"end":{"line":25,"column":6}},"11":{"start":{"line":27,"column":4},"end":{"line":27,"column":38}},"12":{"start":{"line":29,"column":4},"end":{"line":29,"column":53}},"13":{"start":{"line":30,"column":4},"end":{"line":30,"column":65}}},"fnMap":{"0":{"name":"(anonymous_0)","decl":{"start":{"line":6,"column":16},"end":{"line":6,"column":17}},"loc":{"start":{"line":6,"column":36},"end":{"line":17,"column":1}},"line":6},"1":{"name":"(anonymous_1)","decl":{"start":{"line":19,"column":17},"end":{"line":19,"column":18}},"loc":{"start":{"line":19,"column":37},"end":{"line":32,"column":1}},"line":19}},"branchMap":{},"s":{"0":1,"1":1,"2":0,"3":0,"4":0,"5":0,"6":0,"7":1,"8":0,"9":0,"10":0,"11":0,"12":0,"13":0},"f":{"0":0,"1":0},"b":{},"_coverageSchema":"1a1c01bbd47fc00a2c39e90264f33305004495a9","hash":"69b952bab649bad235b8a4652116bdd138c0ef33"}
,"/Users/edod/projects/fruit-inventory-backend/src/routes/fruitRoutes.js": {"path":"/Users/edod/projects/fruit-inventory-backend/src/routes/fruitRoutes.js","statementMap":{"0":{"start":{"line":6,"column":0},"end":{"line":6,"column":47}},"1":{"start":{"line":8,"column":26},"end":{"line":22,"column":1}},"2":{"start":{"line":9,"column":14},"end":{"line":14,"column":3}},"3":{"start":{"line":16,"column":2},"end":{"line":21,"column":3}},"4":{"start":{"line":17,"column":4},"end":{"line":17,"column":27}},"5":{"start":{"line":18,"column":4},"end":{"line":18,"column":40}},"6":{"start":{"line":20,"column":4},"end":{"line":20,"column":41}},"7":{"start":{"line":24,"column":15},"end":{"line":24,"column":31}},"8":{"start":{"line":26,"column":0},"end":{"line":38,"column":3}},"9":{"start":{"line":27,"column":2},"end":{"line":37,"column":3}},"10":{"start":{"line":28,"column":19},"end":{"line":31,"column":6}},"11":{"start":{"line":33,"column":4},"end":{"line":33,"column":21}},"12":{"start":{"line":35,"column":4},"end":{"line":35,"column":51}},"13":{"start":{"line":36,"column":4},"end":{"line":36,"column":62}},"14":{"start":{"line":40,"column":0},"end":{"line":75,"column":3}},"15":{"start":{"line":41,"column":2},"end":{"line":74,"column":3}},"16":{"start":{"line":51,"column":8},"end":{"line":51,"column":16}},"17":{"start":{"line":53,"column":21},"end":{"line":65,"column":6}},"18":{"start":{"line":67,"column":4},"end":{"line":67,"column":35}},"19":{"start":{"line":68,"column":4},"end":{"line":70,"column":5}},"20":{"start":{"line":69,"column":6},"end":{"line":69,"column":40}},"21":{"start":{"line":72,"column":4},"end":{"line":72,"column":50}},"22":{"start":{"line":73,"column":4},"end":{"line":73,"column":62}},"23":{"start":{"line":77,"column":0},"end":{"line":122,"column":3}},"24":{"start":{"line":78,"column":2},"end":{"line":121,"column":3}},"25":{"start":{"line":79,"column":19},"end":{"line":79,"column":29}},"26":{"start":{"line":89,"column":8},"end":{"line":89,"column":16}},"27":{"start":{"line":91,"column":4},"end":{"line":93,"column":5}},"28":{"start":{"line":92,"column":6},"end":{"line":92,"column":73}},"29":{"start":{"line":95,"column":4},"end":{"line":97,"column":5}},"30":{"start":{"line":96,"column":6},"end":{"line":96,"column":73}},"31":{"start":{"line":99,"column":25},"end":{"line":112,"column":6}},"32":{"start":{"line":114,"column":4},"end":{"line":114,"column":27}},"33":{"start":{"line":115,"column":4},"end":{"line":117,"column":5}},"34":{"start":{"line":116,"column":6},"end":{"line":116,"column":44}},"35":{"start":{"line":119,"column":4},"end":{"line":119,"column":42}},"36":{"start":{"line":120,"column":4},"end":{"line":120,"column":62}},"37":{"start":{"line":124,"column":0},"end":{"line":137,"column":3}},"38":{"start":{"line":125,"column":2},"end":{"line":136,"column":3}},"39":{"start":{"line":126,"column":19},"end":{"line":126,"column":29}},"40":{"start":{"line":128,"column":4},"end":{"line":130,"column":7}},"41":{"start":{"line":132,"column":4},"end":{"line":132,"column":56}},"42":{"start":{"line":134,"column":4},"end":{"line":134,"column":42}},"43":{"start":{"line":135,"column":4},"end":{"line":135,"column":62}}},"fnMap":{"0":{"name":"(anonymous_0)","decl":{"start":{"line":8,"column":26},"end":{"line":8,"column":27}},"loc":{"start":{"line":8,"column":43},"end":{"line":22,"column":1}},"line":8},"1":{"name":"(anonymous_1)","decl":{"start":{"line":26,"column":35},"end":{"line":26,"column":36}},"loc":{"start":{"line":26,"column":55},"end":{"line":38,"column":1}},"line":26},"2":{"name":"(anonymous_2)","decl":{"start":{"line":40,"column":36},"end":{"line":40,"column":37}},"loc":{"start":{"line":40,"column":56},"end":{"line":75,"column":1}},"line":40},"3":{"name":"(anonymous_3)","decl":{"start":{"line":77,"column":38},"end":{"line":77,"column":39}},"loc":{"start":{"line":77,"column":58},"end":{"line":122,"column":1}},"line":77},"4":{"name":"(anonymous_4)","decl":{"start":{"line":124,"column":41},"end":{"line":124,"column":42}},"loc":{"start":{"line":124,"column":61},"end":{"line":137,"column":1}},"line":124}},"branchMap":{"0":{"loc":{"start":{"line":60,"column":20},"end":{"line":60,"column":60}},"type":"cond-expr","locations":[{"start":{"line":60,"column":33},"end":{"line":60,"column":53}},{"start":{"line":60,"column":56},"end":{"line":60,"column":60}}],"line":60},"1":{"loc":{"start":{"line":68,"column":4},"end":{"line":70,"column":5}},"type":"if","locations":[{"start":{"line":68,"column":4},"end":{"line":70,"column":5}},{"start":{},"end":{}}],"line":68},"2":{"loc":{"start":{"line":91,"column":4},"end":{"line":93,"column":5}},"type":"if","locations":[{"start":{"line":91,"column":4},"end":{"line":93,"column":5}},{"start":{},"end":{}}],"line":91},"3":{"loc":{"start":{"line":91,"column":8},"end":{"line":91,"column":40}},"type":"binary-expr","locations":[{"start":{"line":91,"column":8},"end":{"line":91,"column":27}},{"start":{"line":91,"column":31},"end":{"line":91,"column":40}}],"line":91},"4":{"loc":{"start":{"line":95,"column":4},"end":{"line":97,"column":5}},"type":"if","locations":[{"start":{"line":95,"column":4},"end":{"line":97,"column":5}},{"start":{},"end":{}}],"line":95},"5":{"loc":{"start":{"line":95,"column":8},"end":{"line":95,"column":56}},"type":"binary-expr","locations":[{"start":{"line":95,"column":8},"end":{"line":95,"column":35}},{"start":{"line":95,"column":39},"end":{"line":95,"column":56}}],"line":95},"6":{"loc":{"start":{"line":107,"column":20},"end":{"line":107,"column":60}},"type":"cond-expr","locations":[{"start":{"line":107,"column":33},"end":{"line":107,"column":53}},{"start":{"line":107,"column":56},"end":{"line":107,"column":60}}],"line":107},"7":{"loc":{"start":{"line":115,"column":4},"end":{"line":117,"column":5}},"type":"if","locations":[{"start":{"line":115,"column":4},"end":{"line":117,"column":5}},{"start":{},"end":{}}],"line":115}},"s":{"0":1,"1":1,"2":0,"3":0,"4":0,"5":0,"6":0,"7":1,"8":1,"9":0,"10":0,"11":0,"12":0,"13":0,"14":1,"15":0,"16":0,"17":0,"18":0,"19":0,"20":0,"21":0,"22":0,"23":1,"24":0,"25":0,"26":0,"27":0,"28":0,"29":0,"30":0,"31":0,"32":0,"33":0,"34":0,"35":0,"36":0,"37":1,"38":0,"39":0,"40":0,"41":0,"42":0,"43":0},"f":{"0":0,"1":0,"2":0,"3":0,"4":0},"b":{"0":[0,0],"1":[0,0],"2":[0,0],"3":[0,0],"4":[0,0],"5":[0,0],"6":[0,0],"7":[0,0]},"_coverageSchema":"1a1c01bbd47fc00a2c39e90264f33305004495a9","hash":"cb6c5d3671e480148ca18af0f4f1d5f5edfa070f"}
}
