TN:
SF:src/app.js
FN:12,(anonymous_0)
FNF:1
FNH:0
FNDA:0,(anonymous_0)
DA:7,1
DA:9,1
DA:10,1
DA:12,1
DA:13,0
DA:19,1
DA:20,1
DA:21,1
LF:8
LH:7
BRF:0
BRH:0
end_of_record
TN:
SF:src/middleware/authMiddleware.js
FN:5,(anonymous_0)
FN:17,(anonymous_1)
FN:40,(anonymous_2)
FNF:3
FNH:2
FNDA:1,(anonymous_0)
FNDA:0,(anonymous_1)
FNDA:2,(anonymous_2)
DA:5,2
DA:6,1
DA:7,1
DA:9,1
DA:10,1
DA:13,0
DA:14,0
DA:17,0
DA:18,0
DA:19,0
DA:22,0
DA:24,0
DA:25,0
DA:29,0
DA:30,0
DA:33,0
DA:36,0
DA:40,2
DA:41,2
DA:42,1
DA:44,1
LF:21
LH:9
BRDA:7,0,0,1
BRDA:7,0,1,0
BRDA:9,1,0,1
BRDA:9,1,1,0
BRDA:13,2,0,0
BRDA:13,2,1,0
BRDA:18,3,0,0
BRDA:18,3,1,0
BRDA:29,4,0,0
BRDA:29,4,1,0
BRDA:41,5,0,1
BRDA:41,5,1,1
BRDA:41,6,0,2
BRDA:41,6,1,2
BRF:14
BRH:6
end_of_record
TN:
SF:src/routes/authRoutes.js
FN:10,(anonymous_0)
FN:61,(anonymous_1)
FNF:2
FNH:2
FNDA:2,(anonymous_0)
FNDA:1,(anonymous_1)
DA:7,1
DA:10,1
DA:11,2
DA:12,2
DA:14,2
DA:15,1
DA:18,1
DA:19,1
DA:24,0
DA:28,0
DA:29,0
DA:34,0
DA:36,0
DA:45,0
DA:55,0
DA:56,0
DA:61,1
DA:62,1
DA:63,1
DA:65,1
DA:66,0
DA:69,1
DA:70,1
DA:75,0
DA:79,0
DA:80,0
DA:85,0
DA:95,0
DA:106,0
DA:107,0
LF:30
LH:14
BRDA:14,0,0,1
BRDA:14,0,1,1
BRDA:14,1,0,2
BRDA:14,1,1,1
BRDA:18,2,0,1
BRDA:18,2,1,0
BRDA:28,3,0,0
BRDA:28,3,1,0
BRDA:38,4,0,0
BRDA:38,4,1,0
BRDA:65,5,0,0
BRDA:65,5,1,1
BRDA:69,6,0,1
BRDA:69,6,1,0
BRDA:69,7,0,1
BRDA:69,7,1,0
BRDA:79,8,0,0
BRDA:79,8,1,0
BRDA:79,9,0,0
BRDA:79,9,1,0
BRF:20
BRH:8
end_of_record
TN:
SF:src/routes/categoryRoutes.js
FN:6,(anonymous_0)
FN:19,(anonymous_1)
FNF:2
FNH:0
FNDA:0,(anonymous_0)
FNDA:0,(anonymous_1)
DA:4,1
DA:6,1
DA:7,0
DA:8,0
DA:12,0
DA:14,0
DA:15,0
DA:19,1
DA:20,0
DA:21,0
DA:23,0
DA:27,0
DA:29,0
DA:30,0
LF:14
LH:3
BRF:0
BRH:0
end_of_record
TN:
SF:src/routes/fruitRoutes.js
FN:8,(anonymous_0)
FN:26,(anonymous_1)
FN:40,(anonymous_2)
FN:77,(anonymous_3)
FN:124,(anonymous_4)
FNF:5
FNH:0
FNDA:0,(anonymous_0)
FNDA:0,(anonymous_1)
FNDA:0,(anonymous_2)
FNDA:0,(anonymous_3)
FNDA:0,(anonymous_4)
DA:6,1
DA:8,1
DA:9,0
DA:16,0
DA:17,0
DA:18,0
DA:20,0
DA:24,1
DA:26,1
DA:27,0
DA:28,0
DA:33,0
DA:35,0
DA:36,0
DA:40,1
DA:41,0
DA:51,0
DA:53,0
DA:67,0
DA:68,0
DA:69,0
DA:72,0
DA:73,0
DA:77,1
DA:78,0
DA:79,0
DA:89,0
DA:91,0
DA:92,0
DA:95,0
DA:96,0
DA:99,0
DA:114,0
DA:115,0
DA:116,0
DA:119,0
DA:120,0
DA:124,1
DA:125,0
DA:126,0
DA:128,0
DA:132,0
DA:134,0
DA:135,0
LF:44
LH:7
BRDA:60,0,0,0
BRDA:60,0,1,0
BRDA:68,1,0,0
BRDA:68,1,1,0
BRDA:91,2,0,0
BRDA:91,2,1,0
BRDA:91,3,0,0
BRDA:91,3,1,0
BRDA:95,4,0,0
BRDA:95,4,1,0
BRDA:95,5,0,0
BRDA:95,5,1,0
BRDA:107,6,0,0
BRDA:107,6,1,0
BRDA:115,7,0,0
BRDA:115,7,1,0
BRF:16
BRH:0
end_of_record
